PRT1
90
209
4 0 12 (768 8192 544 ) (880 8192 544 ) (880 8192 1176 ) (768 8192 1176 ) 
4 0 6 (880 8192 544 ) (768 8192 544 ) (768 8824 544 ) (880 8824 544 ) 
4 1 32 (0 8464 1176 ) (0 8640 1176 ) (0 8640 544 ) (0 8464 544 ) 
4 1 31 (0 8640 1176 ) (0 8824 1176 ) (0 8824 544 ) (0 8640 544 ) 
4 1 7 (0 8464 544 ) (0 8824 544 ) (760 8824 544 ) (760 8464 544 ) 
4 1 2 (760 8464 768 ) (760 8464 1176 ) (0 8464 1176 ) (0 8464 768 ) 
4 2 35 (0 8448 1176 ) (0 8464 1176 ) (0 8464 768 ) (0 8448 768 ) 
4 2 4 (752 8448 1176 ) (0 8448 1176 ) (0 8448 832 ) (752 8448 832 ) 
4 2 3 (760 8448 768 ) (760 8448 1176 ) (752 8448 1176 ) (752 8448 768 ) 
4 3 13 (752 8192 544 ) (760 8192 544 ) (760 8192 1176 ) (752 8192 1176 ) 
4 3 9 (760 8192 544 ) (752 8192 544 ) (752 8448 544 ) (760 8448 544 ) 
4 3 4 (752 8448 1176 ) (752 8448 832 ) (752 8192 832 ) (752 8192 1176 ) 
4 3 5 (752 8448 768 ) (752 8448 544 ) (752 8192 544 ) (752 8192 768 ) 
4 4 49 (0 8192 832 ) (0 8192 1176 ) (0 8448 1176 ) (0 8448 832 ) 
4 4 14 (0 8192 1176 ) (0 8192 832 ) (752 8192 832 ) (752 8192 1176 ) 
4 5 50 (0 8192 544 ) (0 8192 768 ) (0 8448 768 ) (0 8448 544 ) 
4 5 15 (0 8192 768 ) (0 8192 544 ) (752 8192 544 ) (752 8192 768 ) 
4 5 9 (752 8192 544 ) (376 8192 544 ) (376 8448 544 ) (752 8448 544 ) 
4 5 10 (360 8192 544 ) (0 8192 544 ) (0 8448 544 ) (360 8448 544 ) 
4 6 18 (768 8192 -400 ) (880 8192 -400 ) (880 8192 544 ) (768 8192 544 ) 
4 7 43 (0 8824 -256 ) (0 8824 -400 ) (0 8464 -400 ) (0 8464 -256 ) 
4 7 41 (0 8640 -256 ) (0 8464 -256 ) (0 8464 384 ) (0 8640 384 ) 
4 7 40 (0 8824 384 ) (0 8824 -256 ) (0 8640 -256 ) (0 8640 384 ) 
4 7 32 (0 8464 544 ) (0 8640 544 ) (0 8640 384 ) (0 8464 384 ) 
4 7 31 (0 8640 544 ) (0 8824 544 ) (0 8824 384 ) (0 8640 384 ) 
4 7 8 (0 8464 -400 ) (760 8464 -400 ) (760 8464 384 ) (0 8464 384 ) 
4 8 43 (0 8464 -256 ) (0 8464 -400 ) (0 8448 -400 ) (0 8448 -256 ) 
4 8 41 (0 8464 384 ) (0 8464 -256 ) (0 8448 -256 ) (0 8448 384 ) 
4 8 11 (0 8448 -400 ) (760 8448 -400 ) (760 8448 320 ) (0 8448 320 ) 
4 9 25 (376 8192 384 ) (760 8192 384 ) (760 8192 512 ) (376 8192 512 ) 
4 9 20 (760 8192 512 ) (760 8192 544 ) (376 8192 544 ) (376 8192 512 ) 
4 10 51 (0 8192 384 ) (0 8192 544 ) (0 8448 544 ) (0 8448 384 ) 
4 10 27 (0 8192 512 ) (0 8192 384 ) (360 8192 384 ) (360 8192 512 ) 
4 10 21 (0 8192 544 ) (0 8192 512 ) (360 8192 512 ) (360 8192 544 ) 
4 11 56 (0 8192 -400 ) (0 8192 320 ) (0 8448 320 ) (0 8448 -400 ) 
4 11 28 (0 8192 320 ) (0 8192 -400 ) (760 8192 -400 ) (760 8192 320 ) 
4 12 18 (768 7408 544 ) (768 8192 544 ) (880 8192 544 ) (880 7408 544 ) 
4 13 23 (760 7960 544 ) (760 7680 544 ) (752 7680 544 ) (752 7960 544 ) 
4 13 20 (752 8192 544 ) (760 8192 544 ) (760 8168 544 ) (752 8168 544 ) 
4 13 22 (760 8160 544 ) (760 7968 544 ) (752 7968 544 ) (752 8160 544 ) 
4 13 16 (760 7680 768 ) (760 7680 1176 ) (752 7680 1176 ) (752 7680 768 ) 
4 13 14 (752 7680 832 ) (752 7680 1176 ) (752 8192 1176 ) (752 8192 832 ) 
4 13 15 (752 8192 544 ) (752 7680 544 ) (752 7680 768 ) (752 8192 768 ) 
4 14 60 (0 7680 1176 ) (0 8192 1176 ) (0 8192 832 ) (0 7680 832 ) 
4 14 16 (752 7680 832 ) (752 7680 1176 ) (0 7680 1176 ) (0 7680 832 ) 
4 15 61 (0 8192 768 ) (0 8192 544 ) (0 7680 544 ) (0 7680 768 ) 
4 15 23 (368 7960 544 ) (752 7960 544 ) (752 7680 544 ) (368 7680 544 ) 
4 15 24 (0 7680 544 ) (0 7960 544 ) (352 7960 544 ) (352 7680 544 ) 
4 15 21 (0 8168 544 ) (0 8192 544 ) (360 8192 544 ) (360 8168 544 ) 
4 15 20 (376 8192 544 ) (752 8192 544 ) (752 8168 544 ) (376 8168 544 ) 
4 15 22 (0 7968 544 ) (0 8160 544 ) (752 8160 544 ) (752 7968 544 ) 
4 16 74 (0 7616 1176 ) (0 7680 1176 ) (0 7680 768 ) (0 7616 768 ) 
4 16 17 (760 7616 768 ) (760 7616 1176 ) (0 7616 1176 ) (0 7616 768 ) 
4 17 86 (0 7424 1176 ) (0 7440 1176 ) (0 7440 544 ) (0 7424 544 ) 
4 17 76 (0 7616 768 ) (0 7616 544 ) (0 7440 544 ) (0 7440 768 ) 
4 17 74 (0 7440 1176 ) (0 7616 1176 ) (0 7616 768 ) (0 7440 768 ) 
4 17 30 (0 7424 544 ) (0 7616 544 ) (760 7616 544 ) (760 7424 544 ) 
4 18 19 (768 8000 384 ) (768 8000 512 ) (768 8128 512 ) (768 8128 384 ) 
4 19 25 (760 8128 512 ) (760 8128 384 ) (760 8000 384 ) (760 8000 512 ) 
4 20 25 (376 8192 512 ) (760 8192 512 ) (760 8168 512 ) (376 8168 512 ) 
4 21 62 (0 8168 544 ) (0 8192 544 ) (0 8192 512 ) (0 8168 512 ) 
4 21 27 (0 8168 512 ) (0 8192 512 ) (360 8192 512 ) (360 8168 512 ) 
4 22 63 (0 7968 544 ) (0 8160 544 ) (0 8160 512 ) (0 7968 512 ) 
4 22 26 (360 8160 512 ) (376 8160 512 ) (376 7968 512 ) (360 7968 512 ) 
4 22 25 (376 8160 512 ) (760 8160 512 ) (760 7968 512 ) (376 7968 512 ) 
4 22 27 (0 7968 512 ) (0 8160 512 ) (360 8160 512 ) (360 7968 512 ) 
4 23 25 (760 7680 512 ) (376 7680 512 ) (376 7960 512 ) (760 7960 512 ) 
4 24 64 (0 7680 512 ) (0 7680 544 ) (0 7960 544 ) (0 7960 512 ) 
4 24 27 (352 7680 512 ) (0 7680 512 ) (0 7960 512 ) (352 7960 512 ) 
4 25 26 (376 8160 384 ) (376 7968 384 ) (376 7968 512 ) (376 8160 512 ) 
4 26 27 (360 8160 384 ) (360 7968 384 ) (360 7968 512 ) (360 8160 512 ) 
4 27 65 (0 7680 384 ) (0 7680 512 ) (0 8192 512 ) (0 8192 384 ) 
4 28 72 (0 7680 -400 ) (0 7680 320 ) (0 8192 320 ) (0 8192 -400 ) 
4 28 29 (760 7680 -400 ) (760 7680 320 ) (0 7680 320 ) (0 7680 -400 ) 
4 29 78 (0 7680 368 ) (0 7680 -400 ) (0 7616 -400 ) (0 7616 368 ) 
4 29 75 (0 7680 384 ) (0 7680 368 ) (0 7616 368 ) (0 7616 384 ) 
4 29 30 (0 7616 -400 ) (760 7616 -400 ) (760 7616 384 ) (0 7616 384 ) 
4 30 86 (0 7424 544 ) (0 7440 544 ) (0 7440 -400 ) (0 7424 -400 ) 
4 30 78 (0 7616 368 ) (0 7616 -400 ) (0 7440 -400 ) (0 7440 368 ) 
4 30 76 (0 7440 544 ) (0 7616 544 ) (0 7616 368 ) (0 7440 368 ) 
4 31 46 (-192 8640 384 ) (-208 8640 384 ) (-208 8824 384 ) (-192 8824 384 ) 
4 31 48 (-208 8640 384 ) (-496 8640 384 ) (-496 8824 384 ) (-208 8824 384 ) 
4 31 40 (0 8824 384 ) (0 8640 384 ) (-192 8640 384 ) (-192 8824 384 ) 
4 31 34 (-496 8640 384 ) (-208 8640 384 ) (-208 8640 1176 ) (-496 8640 1176 ) 
4 31 32 (-16 8640 384 ) (0 8640 384 ) (0 8640 1176 ) (-16 8640 1176 ) 
4 32 41 (-16 8640 384 ) (0 8640 384 ) (0 8464 384 ) (-16 8464 384 ) 
4 32 35 (0 8464 768 ) (0 8464 1176 ) (-16 8464 1176 ) (-16 8464 768 ) 
4 33 42 (-32 8624 384 ) (-32 8464 384 ) (-192 8464 384 ) (-192 8624 384 ) 
4 33 37 (-80 8464 640 ) (-80 8464 768 ) (-144 8464 768 ) (-144 8464 640 ) 
4 33 38 (-144 8464 384 ) (-80 8464 384 ) (-80 8464 512 ) (-144 8464 512 ) 
4 34 48 (-496 8640 384 ) (-208 8640 384 ) (-208 8464 384 ) (-496 8464 384 ) 
4 34 39 (-496 8464 384 ) (-224 8464 384 ) (-224 8464 768 ) (-496 8464 768 ) 
4 34 36 (-208 8464 768 ) (-208 8464 1176 ) (-496 8464 1176 ) (-496 8464 768 ) 
4 35 49 (0 8448 832 ) (0 8448 1176 ) (-32 8448 1176 ) (-32 8448 832 ) 
4 36 53 (-224 8448 1176 ) (-288 8448 1176 ) (-288 8448 768 ) (-224 8448 768 ) 
4 36 54 (-288 8448 1176 ) (-496 8448 1176 ) (-496 8448 768 ) (-288 8448 768 ) 
4 36 49 (-192 8448 1176 ) (-224 8448 1176 ) (-224 8448 832 ) (-192 8448 832 ) 
4 36 39 (-496 8464 768 ) (-224 8464 768 ) (-224 8448 768 ) (-496 8448 768 ) 
4 37 50 (-80 8448 640 ) (-80 8448 768 ) (-144 8448 768 ) (-144 8448 640 ) 
4 38 52 (-144 8448 384 ) (-80 8448 384 ) (-80 8448 512 ) (-144 8448 512 ) 
4 38 42 (-80 8448 384 ) (-144 8448 384 ) (-144 8464 384 ) (-80 8464 384 ) 
4 39 54 (-496 8448 384 ) (-288 8448 384 ) (-288 8448 768 ) (-496 8448 768 ) 
4 39 48 (-224 8448 384 ) (-496 8448 384 ) (-496 8464 384 ) (-224 8464 384 ) 
4 40 46 (-192 8640 384 ) (-192 8824 384 ) (-192 8824 -256 ) (-192 8640 -256 ) 
4 40 44 (-192 8640 -256 ) (-192 8824 -256 ) (-32 8824 -256 ) (-32 8640 -256 ) 
4 40 43 (-32 8824 -256 ) (0 8824 -256 ) (0 8640 -256 ) (-32 8640 -256 ) 
4 40 41 (-16 8640 -256 ) (0 8640 -256 ) (0 8640 384 ) (-16 8640 384 ) 
4 41 56 (0 8448 -256 ) (0 8448 320 ) (-16 8448 320 ) (-16 8448 -256 ) 
4 41 43 (0 8448 -256 ) (-16 8448 -256 ) (-16 8640 -256 ) (0 8640 -256 ) 
4 43 57 (-16 8448 -256 ) (-32 8448 -256 ) (-32 8448 -400 ) (-16 8448 -400 ) 
4 43 56 (0 8448 -400 ) (0 8448 -256 ) (-16 8448 -256 ) (-16 8448 -400 ) 
4 43 45 (-32 8624 -400 ) (-32 8448 -400 ) (-32 8448 -272 ) (-32 8624 -272 ) 
4 43 44 (-32 8824 -256 ) (-32 8824 -400 ) (-32 8624 -400 ) (-32 8624 -256 ) 
4 44 47 (-192 8640 -400 ) (-192 8624 -400 ) (-192 8624 -256 ) (-192 8640 -256 ) 
4 44 46 (-192 8824 -400 ) (-192 8640 -400 ) (-192 8640 -256 ) (-192 8824 -256 ) 
4 44 45 (-32 8624 -400 ) (-32 8624 -272 ) (-192 8624 -272 ) (-192 8624 -400 ) 
4 45 57 (-192 8448 -272 ) (-192 8448 -400 ) (-32 8448 -400 ) (-32 8448 -272 ) 
4 45 47 (-192 8624 -400 ) (-192 8448 -400 ) (-192 8448 -272 ) (-192 8624 -272 ) 
4 46 47 (-208 8640 -256 ) (-208 8640 -400 ) (-192 8640 -400 ) (-192 8640 -256 ) 
4 46 48 (-208 8824 384 ) (-208 8824 -400 ) (-208 8640 -400 ) (-208 8640 384 ) 
4 47 57 (-208 8448 -256 ) (-208 8448 -400 ) (-192 8448 -400 ) (-192 8448 -256 ) 
4 47 48 (-208 8640 -400 ) (-208 8448 -400 ) (-208 8448 -256 ) (-208 8640 -256 ) 
4 48 59 (-496 8448 320 ) (-496 8448 -400 ) (-208 8448 -400 ) (-208 8448 320 ) 
4 48 55 (-224 8448 384 ) (-496 8448 384 ) (-496 8448 320 ) (-224 8448 320 ) 
4 49 66 (-24 8192 1176 ) (-224 8192 1176 ) (-224 8192 832 ) (-24 8192 832 ) 
4 49 60 (0 8192 832 ) (0 8192 1176 ) (-24 8192 1176 ) (-24 8192 832 ) 
4 49 53 (-224 8192 832 ) (-224 8192 1176 ) (-224 8448 1176 ) (-224 8448 832 ) 
4 50 67 (-24 8192 768 ) (-224 8192 768 ) (-224 8192 544 ) (-24 8192 544 ) 
4 50 61 (0 8192 544 ) (0 8192 768 ) (-24 8192 768 ) (-24 8192 544 ) 
4 50 51 (0 8192 544 ) (-24 8192 544 ) (-24 8448 544 ) (0 8448 544 ) 
4 50 52 (-40 8192 544 ) (-224 8192 544 ) (-224 8448 544 ) (-40 8448 544 ) 
4 51 62 (0 8192 512 ) (0 8192 544 ) (-24 8192 544 ) (-24 8192 512 ) 
4 51 65 (0 8192 384 ) (0 8192 512 ) (-24 8192 512 ) (-24 8192 384 ) 
4 52 69 (-40 8192 544 ) (-224 8192 544 ) (-224 8192 384 ) (-40 8192 384 ) 
4 53 70 (-224 8192 1176 ) (-288 8192 1176 ) (-288 8192 768 ) (-224 8192 768 ) 
4 53 54 (-288 8192 768 ) (-288 8192 1176 ) (-288 8448 1176 ) (-288 8448 768 ) 
4 54 71 (-288 8192 1176 ) (-496 8192 1176 ) (-496 8192 384 ) (-288 8192 384 ) 
4 54 55 (-496 8448 384 ) (-288 8448 384 ) (-288 8192 384 ) (-496 8192 384 ) 
4 55 73 (-224 8192 384 ) (-496 8192 384 ) (-496 8192 320 ) (-224 8192 320 ) 
4 55 59 (-496 8448 320 ) (-224 8448 320 ) (-224 8192 320 ) (-496 8192 320 ) 
4 56 72 (0 8192 -400 ) (0 8192 320 ) (-16 8192 320 ) (-16 8192 -400 ) 
4 56 57 (-16 8448 -400 ) (-16 8432 -400 ) (-16 8432 -256 ) (-16 8448 -256 ) 
4 56 58 (-16 8432 -400 ) (-16 8192 -400 ) (-16 8192 320 ) (-16 8432 320 ) 
4 57 58 (-208 8432 -256 ) (-208 8432 -400 ) (-16 8432 -400 ) (-16 8432 -256 ) 
4 57 59 (-208 8448 -400 ) (-208 8432 -400 ) (-208 8432 -256 ) (-208 8448 -256 ) 
4 58 72 (-16 8192 320 ) (-208 8192 320 ) (-208 8192 -400 ) (-16 8192 -400 ) 
4 58 59 (-208 8432 -400 ) (-208 8192 -400 ) (-208 8192 320 ) (-208 8432 320 ) 
4 59 73 (-224 8192 320 ) (-496 8192 320 ) (-496 8192 -400 ) (-224 8192 -400 ) 
4 59 72 (-208 8192 320 ) (-224 8192 320 ) (-224 8192 -400 ) (-208 8192 -400 ) 
4 60 74 (0 7680 832 ) (0 7680 1176 ) (-24 7680 1176 ) (-24 7680 832 ) 
4 60 66 (-24 7680 832 ) (-24 7680 1176 ) (-24 8192 1176 ) (-24 8192 832 ) 
4 61 67 (-24 7680 544 ) (-24 7680 768 ) (-24 8192 768 ) (-24 8192 544 ) 
4 61 63 (-24 7968 544 ) (-24 8160 544 ) (0 8160 544 ) (0 7968 544 ) 
4 61 64 (0 7680 544 ) (-24 7680 544 ) (-24 7960 544 ) (0 7960 544 ) 
4 61 62 (-24 8168 544 ) (-24 8192 544 ) (0 8192 544 ) (0 8168 544 ) 
4 62 65 (-24 8168 512 ) (-24 8192 512 ) (0 8192 512 ) (0 8168 512 ) 
4 63 68 (-24 7968 544 ) (-24 8160 544 ) (-24 8160 512 ) (-24 7968 512 ) 
4 63 65 (-24 7968 512 ) (-24 8160 512 ) (0 8160 512 ) (0 7968 512 ) 
4 64 65 (0 7680 512 ) (-24 7680 512 ) (-24 7960 512 ) (0 7960 512 ) 
4 65 68 (-24 8160 384 ) (-24 7968 384 ) (-24 7968 512 ) (-24 8160 512 ) 
4 66 74 (-24 7680 1176 ) (-224 7680 1176 ) (-224 7680 832 ) (-24 7680 832 ) 
4 66 70 (-224 7680 832 ) (-224 7680 1176 ) (-224 8192 1176 ) (-224 8192 832 ) 
4 67 68 (-24 8160 544 ) (-24 7968 544 ) (-40 7968 544 ) (-40 8160 544 ) 
4 67 69 (-224 7680 544 ) (-224 8192 544 ) (-40 8192 544 ) (-40 7680 544 ) 
4 68 69 (-40 8160 384 ) (-40 7968 384 ) (-40 7968 544 ) (-40 8160 544 ) 
4 69 79 (-156 7680 384 ) (-100 7680 384 ) (-100 7680 496 ) (-156 7680 496 ) 
4 70 74 (-224 7680 1176 ) (-288 7680 1176 ) (-288 7680 768 ) (-224 7680 768 ) 
4 70 71 (-288 7680 768 ) (-288 7680 1176 ) (-288 8192 1176 ) (-288 8192 768 ) 
4 71 83 (-320 7680 1176 ) (-336 7680 1176 ) (-336 7680 528 ) (-320 7680 528 ) 
4 71 85 (-336 7680 1176 ) (-496 7680 1176 ) (-496 7680 384 ) (-336 7680 384 ) 
4 71 74 (-288 7680 1176 ) (-320 7680 1176 ) (-320 7680 768 ) (-288 7680 768 ) 
4 71 73 (-288 7680 384 ) (-496 7680 384 ) (-496 8192 384 ) (-288 8192 384 ) 
4 72 82 (-24 7680 320 ) (-224 7680 320 ) (-224 7680 -400 ) (-24 7680 -400 ) 
4 72 78 (0 7680 -400 ) (0 7680 320 ) (-24 7680 320 ) (-24 7680 -400 ) 
4 72 73 (-224 8192 -400 ) (-224 7680 -400 ) (-224 7680 320 ) (-224 8192 320 ) 
4 73 84 (-336 7680 368 ) (-336 7680 -400 ) (-320 7680 -400 ) (-320 7680 368 ) 
4 73 85 (-336 7680 384 ) (-496 7680 384 ) (-496 7680 -400 ) (-336 7680 -400 ) 
4 73 82 (-320 7680 368 ) (-320 7680 -400 ) (-224 7680 -400 ) (-224 7680 368 ) 
4 74 87 (-16 7440 1176 ) (-320 7440 1176 ) (-320 7440 768 ) (-16 7440 768 ) 
4 74 86 (0 7440 768 ) (0 7440 1176 ) (-16 7440 1176 ) (-16 7440 768 ) 
4 74 83 (-320 7440 768 ) (-320 7440 1176 ) (-320 7680 1176 ) (-320 7680 768 ) 
4 74 80 (-24 7440 768 ) (-320 7440 768 ) (-320 7676 768 ) (-24 7676 768 ) 
4 74 77 (-8 7440 768 ) (-24 7440 768 ) (-24 7616 768 ) (-8 7616 768 ) 
4 74 76 (0 7440 768 ) (-8 7440 768 ) (-8 7616 768 ) (0 7616 768 ) 
4 75 78 (-16 7680 368 ) (0 7680 368 ) (0 7616 368 ) (-16 7616 368 ) 
4 75 76 (-8 7616 368 ) (0 7616 368 ) (0 7616 384 ) (-8 7616 384 ) 
4 76 86 (0 7440 368 ) (0 7440 768 ) (-8 7440 768 ) (-8 7440 368 ) 
4 76 78 (0 7440 368 ) (-8 7440 368 ) (-8 7616 368 ) (0 7616 368 ) 
4 76 77 (-8 7616 768 ) (-8 7616 528 ) (-8 7440 528 ) (-8 7440 768 ) 
4 77 87 (-16 7440 768 ) (-24 7440 768 ) (-24 7440 528 ) (-16 7440 528 ) 
4 77 86 (-8 7440 768 ) (-16 7440 768 ) (-16 7440 528 ) (-8 7440 528 ) 
4 77 80 (-24 7440 528 ) (-24 7440 768 ) (-24 7616 768 ) (-24 7616 528 ) 
4 78 88 (-16 7440 368 ) (-24 7440 368 ) (-24 7440 -400 ) (-16 7440 -400 ) 
4 78 86 (0 7440 -400 ) (0 7440 368 ) (-16 7440 368 ) (-16 7440 -400 ) 
4 78 82 (-24 7440 -400 ) (-24 7440 368 ) (-24 7680 368 ) (-24 7680 -400 ) 
4 79 81 (-156 7676 384 ) (-100 7676 384 ) (-100 7676 496 ) (-156 7676 496 ) 
4 80 87 (-24 7440 528 ) (-24 7440 768 ) (-320 7440 768 ) (-320 7440 528 ) 
4 80 83 (-320 7440 528 ) (-320 7440 768 ) (-320 7676 768 ) (-320 7676 528 ) 
4 82 88 (-24 7440 -400 ) (-24 7440 368 ) (-320 7440 368 ) (-320 7440 -400 ) 
4 82 84 (-320 7440 -400 ) (-320 7440 368 ) (-320 7680 368 ) (-320 7680 -400 ) 
4 83 89 (-320 7440 528 ) (-320 7440 1176 ) (-336 7440 1176 ) (-336 7440 528 ) 
4 83 85 (-336 7440 528 ) (-336 7440 1176 ) (-336 7680 1176 ) (-336 7680 528 ) 
4 84 89 (-320 7440 -400 ) (-320 7440 368 ) (-336 7440 368 ) (-336 7440 -400 ) 
4 84 85 (-336 7680 -400 ) (-336 7440 -400 ) (-336 7440 368 ) (-336 7680 368 ) 
4 85 89 (-336 7440 1176 ) (-496 7440 1176 ) (-496 7440 -400 ) (-336 7440 -400 ) 
4 86 87 (-16 7440 1176 ) (-16 7440 528 ) (-16 7424 528 ) (-16 7424 1176 ) 
4 86 88 (-16 7440 368 ) (-16 7440 -400 ) (-16 7424 -400 ) (-16 7424 368 ) 
4 87 89 (-320 7440 1176 ) (-320 7440 528 ) (-320 7424 528 ) (-320 7424 1176 ) 
4 88 89 (-320 7440 368 ) (-320 7440 -400 ) (-320 7424 -400 ) (-320 7424 368 ) 
