


materialPath: C:\Program Files (x86)\Steam\steamapps\common\Portal 2\portal2_dev\materials
Loading c:\program files (x86)\steam\steamapps\common\portal 2\sdk_content\maps\surprise\instances\elevator_entrance_advanced.vmf
ConVarRef gpu_level doesn't point to an existing ConVar
fixing up env_cubemap materials on brush sides...
0...1...2...3...4...5...6...7...8...9...100...1...2...3...4...5...6...7...8...9...10Processing areas...done (0)
Building Faces...done (0)
Chop Details...done (0)
Find Visible Detail Sides...
Merged 148 detail faces...done (0)
Merging details...done (0)
FixTjuncs...
PruneNodes...
WriteBSP...
done (0)
writing c:\program files (x86)\steam\steamapps\common\portal 2\sdk_content\maps\surprise\instances\elevator_entrance_advanced.prt...Building visibility clusters...
done (0)
Finding displacement neighbors...
Finding lightmap sample positions...
Displacement Alpha : 0...1...2...3...4...5...6...7...8...9...10
Building Physics collision data...
done (0) (111960 bytes)
Placing detail props : 0...1...2...3...4...5...6...7...8...9...10
Compacting texture/material tables...
Reduced 362 texinfos to 203
Reduced 21 texdatas to 19 (572 bytes to 519)
Writing c:\program files (x86)\steam\steamapps\common\portal 2\sdk_content\maps\surprise\instances\elevator_entrance_advanced.bsp

nummapplanes:     (  1722 / 65536 )
nummapbrushes:    (   296 /  8192 )
nummapbrushsides: (  2588 / 65536 )
num_map_overlays: (     0 /   512 )
nummodels:        (    11 /  1024 )
num_entities:     (   166 / 16384 )

0 seconds elapsed



4 threads
reading c:\program files (x86)\steam\steamapps\common\portal 2\sdk_content\maps\surprise\instances\elevator_entrance_advanced.bsp
reading c:\program files (x86)\steam\steamapps\common\portal 2\sdk_content\maps\surprise\instances\elevator_entrance_advanced.prt
  15 portalclusters
  19 numportals
0...1...2...3...4...5...6...7...8...9...100...1...2...3...4...5...6...7...8...9...10Optimized: 0 visible clusters (0.00%)
Total clusters visible: 157
Average clusters visible: 10
Building PAS...
Average clusters audible: 11
visdatasize:188  compressed from 240
writing c:\program files (x86)\steam\steamapps\common\portal 2\sdk_content\maps\surprise\instances\elevator_entrance_advanced.bsp
0 seconds elapsed



materialPath: C:\Program Files (x86)\Steam\steamapps\common\Portal 2\portal2_dev\materials
Loading c:\program files (x86)\steam\steamapps\common\portal 2\sdk_content\maps\surprise\instances\elevator_entrance_advanced.vmf
ConVarRef gpu_level doesn't point to an existing ConVar
fixing up env_cubemap materials on brush sides...
0...1...2...3...4...5...6...7...8...9...100...1...2...3...4...5...6...7...8...9...10Processing areas...done (0)
Building Faces...done (0)
Chop Details...done (0)
Find Visible Detail Sides...
Merged 148 detail faces...done (0)
Merging details...done (0)
FixTjuncs...
PruneNodes...
WriteBSP...
done (0)
writing c:\program files (x86)\steam\steamapps\common\portal 2\sdk_content\maps\surprise\instances\elevator_entrance_advanced.prt...Building visibility clusters...
done (0)
Finding displacement neighbors...
Finding lightmap sample positions...
Displacement Alpha : 0...1...2...3...4...5...6...7...8...9...10
Building Physics collision data...
done (0) (111960 bytes)
Placing detail props : 0...1...2...3...4...5...6...7...8...9...10
Compacting texture/material tables...
Reduced 362 texinfos to 203
Reduced 21 texdatas to 19 (572 bytes to 519)
Writing c:\program files (x86)\steam\steamapps\common\portal 2\sdk_content\maps\surprise\instances\elevator_entrance_advanced.bsp

nummapplanes:     (  1722 / 65536 )
nummapbrushes:    (   296 /  8192 )
nummapbrushsides: (  2588 / 65536 )
num_map_overlays: (     0 /   512 )
nummodels:        (    11 /  1024 )
num_entities:     (   166 / 16384 )

0 seconds elapsed



4 threads
reading c:\program files (x86)\steam\steamapps\common\portal 2\sdk_content\maps\surprise\instances\elevator_entrance_advanced.bsp
reading c:\program files (x86)\steam\steamapps\common\portal 2\sdk_content\maps\surprise\instances\elevator_entrance_advanced.prt
  15 portalclusters
  19 numportals
0...1...2...3...4...5...6...7...8...9...100...1...2...3...4...5...6...7...8...9...10Optimized: 0 visible clusters (0.00%)
Total clusters visible: 157
Average clusters visible: 10
Building PAS...
Average clusters audible: 11
visdatasize:188  compressed from 240
writing c:\program files (x86)\steam\steamapps\common\portal 2\sdk_content\maps\surprise\instances\elevator_entrance_advanced.bsp
0 seconds elapsed



materialPath: C:\Program Files (x86)\Steam\steamapps\common\Portal 2\portal2_dev\materials
Loading c:\program files (x86)\steam\steamapps\common\portal 2\sdk_content\maps\surprise\instances\elevator_entrance_advanced.vmf
ConVarRef gpu_level doesn't point to an existing ConVar
fixing up env_cubemap materials on brush sides...
0...1...2...3...4...5...6...7...8...9...100...1...2...3...4...5...6...7...8...9...10Processing areas...done (0)
Building Faces...done (0)
Chop Details...done (0)
Find Visible Detail Sides...
Merged 148 detail faces...done (0)
Merging details...done (0)
FixTjuncs...
PruneNodes...
WriteBSP...
done (0)
writing c:\program files (x86)\steam\steamapps\common\portal 2\sdk_content\maps\surprise\instances\elevator_entrance_advanced.prt...Building visibility clusters...
done (0)
Finding displacement neighbors...
Finding lightmap sample positions...
Displacement Alpha : 0...1...2...3...4...5...6...7...8...9...10
Building Physics collision data...
done (0) (111960 bytes)
Placing detail props : 0...1...2...3...4...5...6...7...8...9...10
Compacting texture/material tables...
Reduced 362 texinfos to 203
Reduced 21 texdatas to 19 (572 bytes to 519)
Writing c:\program files (x86)\steam\steamapps\common\portal 2\sdk_content\maps\surprise\instances\elevator_entrance_advanced.bsp

nummapplanes:     (  1722 / 65536 )
nummapbrushes:    (   296 /  8192 )
nummapbrushsides: (  2588 / 65536 )
num_map_overlays: (     0 /   512 )
nummodels:        (    11 /  1024 )
num_entities:     (   166 / 16384 )

0 seconds elapsed



4 threads
reading c:\program files (x86)\steam\steamapps\common\portal 2\sdk_content\maps\surprise\instances\elevator_entrance_advanced.bsp
reading c:\program files (x86)\steam\steamapps\common\portal 2\sdk_content\maps\surprise\instances\elevator_entrance_advanced.prt
  15 portalclusters
  19 numportals
0...1...2...3...4...5...6...7...8...9...100...1...2...3...4...5...6...7...8...9...10Optimized: 0 visible clusters (0.00%)
Total clusters visible: 157
Average clusters visible: 10
Building PAS...
Average clusters audible: 11
visdatasize:188  compressed from 240
writing c:\program files (x86)\steam\steamapps\common\portal 2\sdk_content\maps\surprise\instances\elevator_entrance_advanced.bsp
0 seconds elapsed



materialPath: C:\Program Files (x86)\Steam\steamapps\common\Portal 2\portal2_dev\materials
Loading c:\program files (x86)\steam\steamapps\common\portal 2\sdk_content\maps\surprise\instances\elevator_entrance_advanced.vmf
ConVarRef gpu_level doesn't point to an existing ConVar
fixing up env_cubemap materials on brush sides...
0...1...2...3...4...5...6...7...8...9...100...1...2...3...4...5...6...7...8...9...10Processing areas...done (0)
Building Faces...done (0)
Chop Details...done (0)
Find Visible Detail Sides...
Merged 148 detail faces...done (0)
Merging details...done (0)
FixTjuncs...
PruneNodes...
WriteBSP...
done (0)
writing c:\program files (x86)\steam\steamapps\common\portal 2\sdk_content\maps\surprise\instances\elevator_entrance_advanced.prt...Building visibility clusters...
done (0)
Finding displacement neighbors...
Finding lightmap sample positions...
Displacement Alpha : 0...1...2...3...4...5...6...7...8...9...10
Building Physics collision data...
done (0) (111960 bytes)
Placing detail props : 0...1...2...3...4...5...6...7...8...9...10
Compacting texture/material tables...
Reduced 362 texinfos to 203
Reduced 21 texdatas to 19 (572 bytes to 519)
Writing c:\program files (x86)\steam\steamapps\common\portal 2\sdk_content\maps\surprise\instances\elevator_entrance_advanced.bsp

nummapplanes:     (  1722 / 65536 )
nummapbrushes:    (   296 /  8192 )
nummapbrushsides: (  2588 / 65536 )
num_map_overlays: (     0 /   512 )
nummodels:        (    11 /  1024 )
num_entities:     (   166 / 16384 )

0 seconds elapsed



4 threads
reading c:\program files (x86)\steam\steamapps\common\portal 2\sdk_content\maps\surprise\instances\elevator_entrance_advanced.bsp
reading c:\program files (x86)\steam\steamapps\common\portal 2\sdk_content\maps\surprise\instances\elevator_entrance_advanced.prt
  15 portalclusters
  19 numportals
0...1...2...3...4...5...6...7...8...9...100...1...2...3...4...5...6...7...8...9...10Optimized: 0 visible clusters (0.00%)
Total clusters visible: 157
Average clusters visible: 10
Building PAS...
Average clusters audible: 11
visdatasize:188  compressed from 240
writing c:\program files (x86)\steam\steamapps\common\portal 2\sdk_content\maps\surprise\instances\elevator_entrance_advanced.bsp
0 seconds elapsed



materialPath: C:\Program Files (x86)\Steam\steamapps\common\Portal 2\portal2_dev\materials
Loading c:\program files (x86)\steam\steamapps\common\portal 2\sdk_content\maps\surprise\instances\elevator_entrance_advanced.vmf
ConVarRef gpu_level doesn't point to an existing ConVar
fixing up env_cubemap materials on brush sides...
0...1...2...3...4...5...6...7...8...9...100...1...2...3...4...5...6...7...8...9...10Processing areas...done (0)
Building Faces...done (0)
Chop Details...done (0)
Find Visible Detail Sides...
Merged 148 detail faces...done (0)
Merging details...done (0)
FixTjuncs...
PruneNodes...
WriteBSP...
done (0)
writing c:\program files (x86)\steam\steamapps\common\portal 2\sdk_content\maps\surprise\instances\elevator_entrance_advanced.prt...Building visibility clusters...
done (0)
Finding displacement neighbors...
Finding lightmap sample positions...
Displacement Alpha : 0...1...2...3...4...5...6...7...8...9...10
Building Physics collision data...
done (0) (111960 bytes)
Placing detail props : 0...1...2...3...4...5...6...7...8...9...10
Compacting texture/material tables...
Reduced 362 texinfos to 203
Reduced 21 texdatas to 19 (572 bytes to 519)
Writing c:\program files (x86)\steam\steamapps\common\portal 2\sdk_content\maps\surprise\instances\elevator_entrance_advanced.bsp

nummapplanes:     (  1722 / 65536 )
nummapbrushes:    (   296 /  8192 )
nummapbrushsides: (  2588 / 65536 )
num_map_overlays: (     0 /   512 )
nummodels:        (    11 /  1024 )
num_entities:     (   167 / 16384 )

0 seconds elapsed



4 threads
reading c:\program files (x86)\steam\steamapps\common\portal 2\sdk_content\maps\surprise\instances\elevator_entrance_advanced.bsp
reading c:\program files (x86)\steam\steamapps\common\portal 2\sdk_content\maps\surprise\instances\elevator_entrance_advanced.prt
  15 portalclusters
  19 numportals
0...1...2...3...4...5...6...7...8...9...100...1...2...3...4...5...6...7...8...9...10Optimized: 0 visible clusters (0.00%)
Total clusters visible: 157
Average clusters visible: 10
Building PAS...
Average clusters audible: 11
visdatasize:188  compressed from 240
writing c:\program files (x86)\steam\steamapps\common\portal 2\sdk_content\maps\surprise\instances\elevator_entrance_advanced.bsp
0 seconds elapsed



materialPath: C:\Program Files (x86)\Steam\steamapps\common\Portal 2\portal2_dev\materials
Loading c:\program files (x86)\steam\steamapps\common\portal 2\sdk_content\maps\surprise\instances\elevator_entrance_advanced.vmf
ConVarRef gpu_level doesn't point to an existing ConVar
fixing up env_cubemap materials on brush sides...
0...1...2...3...4...5...6...7...8...9...100...1...2...3...4...5...6...7...8...9...10Processing areas...done (0)
Building Faces...done (0)
Chop Details...done (0)
Find Visible Detail Sides...
Merged 148 detail faces...done (0)
Merging details...done (0)
FixTjuncs...
PruneNodes...
WriteBSP...
done (0)
writing c:\program files (x86)\steam\steamapps\common\portal 2\sdk_content\maps\surprise\instances\elevator_entrance_advanced.prt...Building visibility clusters...
done (0)
Finding displacement neighbors...
Finding lightmap sample positions...
Displacement Alpha : 0...1...2...3...4...5...6...7...8...9...10
Building Physics collision data...
done (0) (111960 bytes)
Placing detail props : 0...1...2...3...4...5...6...7...8...9...10
Compacting texture/material tables...
Reduced 362 texinfos to 203
Reduced 21 texdatas to 19 (572 bytes to 519)
Writing c:\program files (x86)\steam\steamapps\common\portal 2\sdk_content\maps\surprise\instances\elevator_entrance_advanced.bsp

nummapplanes:     (  1722 / 65536 )
nummapbrushes:    (   296 /  8192 )
nummapbrushsides: (  2588 / 65536 )
num_map_overlays: (     0 /   512 )
nummodels:        (    11 /  1024 )
num_entities:     (   168 / 16384 )

0 seconds elapsed



4 threads
reading c:\program files (x86)\steam\steamapps\common\portal 2\sdk_content\maps\surprise\instances\elevator_entrance_advanced.bsp
reading c:\program files (x86)\steam\steamapps\common\portal 2\sdk_content\maps\surprise\instances\elevator_entrance_advanced.prt
  15 portalclusters
  19 numportals
0...1...2...3...4...5...6...7...8...9...100...1...2...3...4...5...6...7...8...9...10Optimized: 0 visible clusters (0.00%)
Total clusters visible: 157
Average clusters visible: 10
Building PAS...
Average clusters audible: 11
visdatasize:188  compressed from 240
writing c:\program files (x86)\steam\steamapps\common\portal 2\sdk_content\maps\surprise\instances\elevator_entrance_advanced.bsp
0 seconds elapsed
